# JRE version: Java(TM) SE Runtime Environment (8.0_144-b01) (build 1.8.0_144-b01)
# Java VM: Java HotSpot(TM) 64-Bit Server VM (25.144-b01 mixed mode bsd-amd64 compressed oops)
Heap:
 PSYoungGen      total 70656K, used 13700K [0x0000000795580000, 0x000000079af00000, 0x00000007c0000000)
  eden space 50688K, 1% used [0x0000000795580000,0x0000000795656d70,0x0000000798700000)
  from space 19968K, 64% used [0x0000000799b00000,0x000000079a78a480,0x000000079ae80000)
  to   space 20480K, 0% used [0x0000000798700000,0x0000000798700000,0x0000000799b00000)
 ParOldGen       total 132608K, used 63197K [0x0000000740000000, 0x0000000748180000, 0x0000000795580000)
  object space 132608K, 47% used [0x0000000740000000,0x0000000743db75c8,0x0000000748180000)
 Metaspace       used 51884K, capacity 53110K, committed 53680K, reserved 1095680K
  class space    used 6823K, capacity 7127K, committed 7344K, reserved 1048576K
GC Heap History (10 events):
Event: 6632.714 GC heap before
{Heap before GC invocations=176 (full 24):
 PSYoungGen      total 58368K, used 53248K [0x0000000795580000, 0x000000079a480000, 0x00000007c0000000)
  eden space 53248K, 100% used [0x0000000795580000,0x0000000798980000,0x0000000798980000)
  from space 5120K, 0% used [0x0000000798980000,0x0000000798980000,0x0000000798e80000)
  to   space 13824K, 0% used [0x0000000799700000,0x0000000799700000,0x000000079a480000)
 ParOldGen       total 132608K, used 47792K [0x0000000740000000, 0x0000000748180000, 0x0000000795580000)
  object space 132608K, 36% used [0x0000000740000000,0x0000000742eac2c8,0x0000000748180000)
 Metaspace       used 51788K, capacity 53032K, committed 53424K, reserved 1095680K
  class space    used 6817K, capacity 7126K, committed 7344K, reserved 1048576K
Event: 6632.718 GC heap after
Heap after GC invocations=176 (full 24):
 PSYoungGen      total 67072K, used 7986K [0x0000000795580000, 0x000000079a600000, 0x00000007c0000000)
  eden space 53248K, 0% used [0x0000000795580000,0x0000000795580000,0x0000000798980000)
  from space 13824K, 57% used [0x0000000799700000,0x0000000799ecc820,0x000000079a480000)
  to   space 13824K, 0% used [0x0000000798980000,0x0000000798980000,0x0000000799700000)
 ParOldGen       total 132608K, used 47800K [0x0000000740000000, 0x0000000748180000, 0x0000000795580000)
  object space 132608K, 36% used [0x0000000740000000,0x0000000742eae2c8,0x0000000748180000)
 Metaspace       used 51788K, capacity 53032K, committed 53424K, reserved 1095680K
  class space    used 6817K, capacity 7126K, committed 7344K, reserved 1048576K
}
Event: 10805.949 GC heap before
{Heap before GC invocations=177 (full 24):
 PSYoungGen      total 67072K, used 61234K [0x0000000795580000, 0x000000079a600000, 0x00000007c0000000)
  eden space 53248K, 100% used [0x0000000795580000,0x0000000798980000,0x0000000798980000)
  from space 13824K, 57% used [0x0000000799700000,0x0000000799ecc820,0x000000079a480000)
  to   space 13824K, 0% used [0x0000000798980000,0x0000000798980000,0x0000000799700000)
 ParOldGen       total 132608K, used 47800K [0x0000000740000000, 0x0000000748180000, 0x0000000795580000)
  object space 132608K, 36% used [0x0000000740000000,0x0000000742eae2c8,0x0000000748180000)
 Metaspace       used 51804K, capacity 53038K, committed 53424K, reserved 1095680K
  class space    used 6818K, capacity 7127K, committed 7344K, reserved 1048576K
Event: 10805.956 GC heap after
Heap after GC invocations=177 (full 24):
 PSYoungGen      total 60928K, used 7893K [0x0000000795580000, 0x000000079a300000, 0x00000007c0000000)
  eden space 52736K, 0% used [0x0000000795580000,0x0000000795580000,0x0000000798900000)
  from space 8192K, 96% used [0x0000000798980000,0x0000000799135498,0x0000000799180000)
  to   space 13312K, 0% used [0x0000000799600000,0x0000000799600000,0x000000079a300000)
 ParOldGen       total 132608K, used 47808K [0x0000000740000000, 0x0000000748180000, 0x0000000795580000)
  object space 132608K, 36% used [0x0000000740000000,0x0000000742eb02c8,0x0000000748180000)
 Metaspace       used 51804K, capacity 53038K, committed 53424K, reserved 1095680K
  class space    used 6818K, capacity 7127K, committed 7344K, reserved 1048576K
}
Event: 12490.686 GC heap before
{Heap before GC invocations=178 (full 24):
 PSYoungGen      total 60928K, used 59406K [0x0000000795580000, 0x000000079a300000, 0x00000007c0000000)
  eden space 52736K, 97% used [0x0000000795580000,0x00000007987ce450,0x0000000798900000)
  from space 8192K, 96% used [0x0000000798980000,0x0000000799135498,0x0000000799180000)
  to   space 13312K, 0% used [0x0000000799600000,0x0000000799600000,0x000000079a300000)
 ParOldGen       total 132608K, used 47808K [0x0000000740000000, 0x0000000748180000, 0x0000000795580000)
  object space 132608K, 36% used [0x0000000740000000,0x0000000742eb02c8,0x0000000748180000)
 Metaspace       used 51851K, capacity 53102K, committed 53424K, reserved 1095680K
  class space    used 6823K, capacity 7127K, committed 7344K, reserved 1048576K
Event: 12490.708 GC heap after
Heap after GC invocations=178 (full 24):
 PSYoungGen      total 65024K, used 10565K [0x0000000795580000, 0x000000079a480000, 0x00000007c0000000)
  eden space 51712K, 0% used [0x0000000795580000,0x0000000795580000,0x0000000798800000)
  from space 13312K, 79% used [0x0000000799600000,0x000000079a051570,0x000000079a300000)
  to   space 14336K, 0% used [0x0000000798800000,0x0000000798800000,0x0000000799600000)
 ParOldGen       total 132608K, used 53710K [0x0000000740000000, 0x0000000748180000, 0x0000000795580000)
  object space 132608K, 40% used [0x0000000740000000,0x00000007434738a8,0x0000000748180000)
 Metaspace       used 51851K, capacity 53102K, committed 53424K, reserved 1095680K
  class space    used 6823K, capacity 7127K, committed 7344K, reserved 1048576K
}
Event: 13901.923 GC heap before
{Heap before GC invocations=179 (full 24):
 PSYoungGen      total 65024K, used 59417K [0x0000000795580000, 0x000000079a480000, 0x00000007c0000000)
  eden space 51712K, 94% used [0x0000000795580000,0x0000000798535150,0x0000000798800000)
  from space 13312K, 79% used [0x0000000799600000,0x000000079a051570,0x000000079a300000)
  to   space 14336K, 0% used [0x0000000798800000,0x0000000798800000,0x0000000799600000)
 ParOldGen       total 132608K, used 53710K [0x0000000740000000, 0x0000000748180000, 0x0000000795580000)
  object space 132608K, 40% used [0x0000000740000000,0x00000007434738a8,0x0000000748180000)
 Metaspace       used 51875K, capacity 53110K, committed 53680K, reserved 1095680K
  class space    used 6823K, capacity 7127K, committed 7344K, reserved 1048576K
Event: 13901.944 GC heap after
Heap after GC invocations=179 (full 24):
 PSYoungGen      total 65536K, used 14335K [0x0000000795580000, 0x000000079ae80000, 0x00000007c0000000)
  eden space 51200K, 0% used [0x0000000795580000,0x0000000795580000,0x0000000798780000)
  from space 14336K, 99% used [0x0000000798800000,0x00000007995ffd70,0x0000000799600000)
  to   space 19968K, 0% used [0x0000000799b00000,0x0000000799b00000,0x000000079ae80000)
 ParOldGen       total 132608K, used 63189K [0x0000000740000000, 0x0000000748180000, 0x0000000795580000)
  object space 132608K, 47% used [0x0000000740000000,0x0000000743db55c8,0x0000000748180000)
 Metaspace       used 51875K, capacity 53110K, committed 53680K, reserved 1095680K
  class space    used 6823K, capacity 7127K, committed 7344K, reserved 1048576K
}
Event: 16573.428 GC heap before
{Heap before GC invocations=180 (full 24):
 PSYoungGen      total 65536K, used 65535K [0x0000000795580000, 0x000000079ae80000, 0x00000007c0000000)
  eden space 51200K, 100% used [0x0000000795580000,0x0000000798780000,0x0000000798780000)
  from space 14336K, 99% used [0x0000000798800000,0x00000007995ffd70,0x0000000799600000)
  to   space 19968K, 0% used [0x0000000799b00000,0x0000000799b00000,0x000000079ae80000)
 ParOldGen       total 132608K, used 63189K [0x0000000740000000, 0x0000000748180000, 0x0000000795580000)
  object space 132608K, 47% used [0x0000000740000000,0x0000000743db55c8,0x0000000748180000)
 Metaspace       used 51884K, capacity 53110K, committed 53680K, reserved 1095680K
  class space    used 6823K, capacity 7127K, committed 7344K, reserved 1048576K
Event: 16573.434 GC heap after
Heap after GC invocations=180 (full 24):
 PSYoungGen      total 70656K, used 12841K [0x0000000795580000, 0x000000079af00000, 0x00000007c0000000)
  eden space 50688K, 0% used [0x0000000795580000,0x0000000795580000,0x0000000798700000)
  from space 19968K, 64% used [0x0000000799b00000,0x000000079a78a480,0x000000079ae80000)
  to   space 20480K, 0% used [0x0000000798700000,0x0000000798700000,0x0000000799b00000)
 ParOldGen       total 132608K, used 63197K [0x0000000740000000, 0x0000000748180000, 0x0000000795580000)
  object space 132608K, 47% used [0x0000000740000000,0x0000000743db75c8,0x0000000748180000)
 Metaspace       used 51884K, capacity 53110K, committed 53680K, reserved 1095680K
  class space    used 6823K, capacity 7127K, committed 7344K, reserved 1048576K
}

