# JRE version: Java(TM) SE Runtime Environment (8.0_144-b01) (build 1.8.0_144-b01)
# Java VM: Java HotSpot(TM) 64-Bit Server VM (25.144-b01 mixed mode bsd-amd64 compressed oops)
Heap:
 PSYoungGen      total 344064K, used 8767K [0x0000000795580000, 0x00000007b0600000, 0x00000007c0000000)
  eden space 326656K, 2% used [0x0000000795580000,0x0000000795e0fcf8,0x00000007a9480000)
  from space 17408K, 0% used [0x00000007af500000,0x00000007af500000,0x00000007b0600000)
  to   space 24064K, 0% used [0x00000007ad700000,0x00000007ad700000,0x00000007aee80000)
 ParOldGen       total 86528K, used 37089K [0x0000000740000000, 0x0000000745480000, 0x0000000795580000)
  object space 86528K, 42% used [0x0000000740000000,0x00000007424387e0,0x0000000745480000)
 Metaspace       used 49584K, capacity 51022K, committed 51120K, reserved 1093632K
  class space    used 6936K, capacity 7338K, committed 7344K, reserved 1048576K
GC Heap History (10 events):
Event: 797.680 GC heap before
{Heap before GC invocations=19 (full 2):
 PSYoungGen      total 368640K, used 360314K [0x0000000795580000, 0x00000007ae080000, 0x00000007c0000000)
  eden space 356352K, 98% used [0x0000000795580000,0x00000007aab5b6f8,0x00000007ab180000)
  from space 12288K, 83% used [0x00000007ad480000,0x00000007ade83200,0x00000007ae080000)
  to   space 24064K, 0% used [0x00000007ab180000,0x00000007ab180000,0x00000007ac900000)
 ParOldGen       total 86528K, used 49797K [0x0000000740000000, 0x0000000745480000, 0x0000000795580000)
  object space 86528K, 57% used [0x0000000740000000,0x00000007430a1740,0x0000000745480000)
 Metaspace       used 46887K, capacity 48168K, committed 48560K, reserved 1091584K
  class space    used 6672K, capacity 7057K, committed 7088K, reserved 1048576K
Event: 797.708 GC heap after
Heap after GC invocations=19 (full 2):
 PSYoungGen      total 380416K, used 12871K [0x0000000795580000, 0x00000007b1c00000, 0x00000007c0000000)
  eden space 356352K, 0% used [0x0000000795580000,0x0000000795580000,0x00000007ab180000)
  from space 24064K, 53% used [0x00000007ab180000,0x00000007abe11d68,0x00000007ac900000)
  to   space 23040K, 0% used [0x00000007b0580000,0x00000007b0580000,0x00000007b1c00000)
 ParOldGen       total 86528K, used 51699K [0x0000000740000000, 0x0000000745480000, 0x0000000795580000)
  object space 86528K, 59% used [0x0000000740000000,0x000000074327cf70,0x0000000745480000)
 Metaspace       used 46887K, capacity 48168K, committed 48560K, reserved 1091584K
  class space    used 6672K, capacity 7057K, committed 7088K, reserved 1048576K
}
Event: 1016.093 GC heap before
{Heap before GC invocations=20 (full 2):
 PSYoungGen      total 380416K, used 363471K [0x0000000795580000, 0x00000007b1c00000, 0x00000007c0000000)
  eden space 356352K, 98% used [0x0000000795580000,0x00000007aabe1f28,0x00000007ab180000)
  from space 24064K, 53% used [0x00000007ab180000,0x00000007abe11d68,0x00000007ac900000)
  to   space 23040K, 0% used [0x00000007b0580000,0x00000007b0580000,0x00000007b1c00000)
 ParOldGen       total 86528K, used 51699K [0x0000000740000000, 0x0000000745480000, 0x0000000795580000)
  object space 86528K, 59% used [0x0000000740000000,0x000000074327cf70,0x0000000745480000)
 Metaspace       used 47318K, capacity 48638K, committed 48944K, reserved 1091584K
  class space    used 6706K, capacity 7098K, committed 7216K, reserved 1048576K
Event: 1016.107 GC heap after
Heap after GC invocations=20 (full 2):
 PSYoungGen      total 354304K, used 12903K [0x0000000795580000, 0x00000007b1280000, 0x00000007c0000000)
  eden space 340992K, 0% used [0x0000000795580000,0x0000000795580000,0x00000007aa280000)
  from space 13312K, 96% used [0x00000007b0580000,0x00000007b1219fa0,0x00000007b1280000)
  to   space 22016K, 0% used [0x00000007ae780000,0x00000007ae780000,0x00000007afd00000)
 ParOldGen       total 86528K, used 51707K [0x0000000740000000, 0x0000000745480000, 0x0000000795580000)
  object space 86528K, 59% used [0x0000000740000000,0x000000074327ef70,0x0000000745480000)
 Metaspace       used 47318K, capacity 48638K, committed 48944K, reserved 1091584K
  class space    used 6706K, capacity 7098K, committed 7216K, reserved 1048576K
}
Event: 1313.101 GC heap before
{Heap before GC invocations=21 (full 2):
 PSYoungGen      total 354304K, used 352561K [0x0000000795580000, 0x00000007b1280000, 0x00000007c0000000)
  eden space 340992K, 99% used [0x0000000795580000,0x00000007aa132630,0x00000007aa280000)
  from space 13312K, 96% used [0x00000007b0580000,0x00000007b1219fa0,0x00000007b1280000)
  to   space 22016K, 0% used [0x00000007ae780000,0x00000007ae780000,0x00000007afd00000)
 ParOldGen       total 86528K, used 51707K [0x0000000740000000, 0x0000000745480000, 0x0000000795580000)
  object space 86528K, 59% used [0x0000000740000000,0x000000074327ef70,0x0000000745480000)
 Metaspace       used 47611K, capacity 48948K, committed 49200K, reserved 1091584K
  class space    used 6714K, capacity 7107K, committed 7216K, reserved 1048576K
Event: 1313.127 GC heap after
Heap after GC invocations=21 (full 2):
 PSYoungGen      total 340480K, used 13762K [0x0000000795580000, 0x00000007b0600000, 0x00000007c0000000)
  eden space 326656K, 0% used [0x0000000795580000,0x0000000795580000,0x00000007a9480000)
  from space 13824K, 99% used [0x00000007ae780000,0x00000007af4f09e8,0x00000007af500000)
  to   space 17408K, 0% used [0x00000007af500000,0x00000007af500000,0x00000007b0600000)
 ParOldGen       total 86528K, used 51715K [0x0000000740000000, 0x0000000745480000, 0x0000000795580000)
  object space 86528K, 59% used [0x0000000740000000,0x0000000743280f70,0x0000000745480000)
 Metaspace       used 47611K, capacity 48948K, committed 49200K, reserved 1091584K
  class space    used 6714K, capacity 7107K, committed 7216K, reserved 1048576K
}
Event: 1980.574 GC heap before
{Heap before GC invocations=22 (full 2):
 PSYoungGen      total 340480K, used 250349K [0x0000000795580000, 0x00000007b0600000, 0x00000007c0000000)
  eden space 326656K, 72% used [0x0000000795580000,0x00000007a3c8aae0,0x00000007a9480000)
  from space 13824K, 99% used [0x00000007ae780000,0x00000007af4f09e8,0x00000007af500000)
  to   space 17408K, 0% used [0x00000007af500000,0x00000007af500000,0x00000007b0600000)
 ParOldGen       total 86528K, used 51715K [0x0000000740000000, 0x0000000745480000, 0x0000000795580000)
  object space 86528K, 59% used [0x0000000740000000,0x0000000743280f70,0x0000000745480000)
 Metaspace       used 49559K, capacity 50984K, committed 51120K, reserved 1093632K
  class space    used 6932K, capacity 7305K, committed 7344K, reserved 1048576K
Event: 1980.609 GC heap after
Heap after GC invocations=22 (full 2):
 PSYoungGen      total 344064K, used 17405K [0x0000000795580000, 0x00000007b0600000, 0x00000007c0000000)
  eden space 326656K, 0% used [0x0000000795580000,0x0000000795580000,0x00000007a9480000)
  from space 17408K, 99% used [0x00000007af500000,0x00000007b05ff460,0x00000007b0600000)
  to   space 24064K, 0% used [0x00000007ad700000,0x00000007ad700000,0x00000007aee80000)
 ParOldGen       total 86528K, used 56787K [0x0000000740000000, 0x0000000745480000, 0x0000000795580000)
  object space 86528K, 65% used [0x0000000740000000,0x0000000743774c58,0x0000000745480000)
 Metaspace       used 49559K, capacity 50984K, committed 51120K, reserved 1093632K
  class space    used 6932K, capacity 7305K, committed 7344K, reserved 1048576K
}
Event: 1980.609 GC heap before
{Heap before GC invocations=23 (full 3):
 PSYoungGen      total 344064K, used 17405K [0x0000000795580000, 0x00000007b0600000, 0x00000007c0000000)
  eden space 326656K, 0% used [0x0000000795580000,0x0000000795580000,0x00000007a9480000)
  from space 17408K, 99% used [0x00000007af500000,0x00000007b05ff460,0x00000007b0600000)
  to   space 24064K, 0% used [0x00000007ad700000,0x00000007ad700000,0x00000007aee80000)
 ParOldGen       total 86528K, used 56787K [0x0000000740000000, 0x0000000745480000, 0x0000000795580000)
  object space 86528K, 65% used [0x0000000740000000,0x0000000743774c58,0x0000000745480000)
 Metaspace       used 49559K, capacity 50984K, committed 51120K, reserved 1093632K
  class space    used 6932K, capacity 7305K, committed 7344K, reserved 1048576K
Event: 1980.843 GC heap after
Heap after GC invocations=23 (full 3):
 PSYoungGen      total 344064K, used 0K [0x0000000795580000, 0x00000007b0600000, 0x00000007c0000000)
  eden space 326656K, 0% used [0x0000000795580000,0x0000000795580000,0x00000007a9480000)
  from space 17408K, 0% used [0x00000007af500000,0x00000007af500000,0x00000007b0600000)
  to   space 24064K, 0% used [0x00000007ad700000,0x00000007ad700000,0x00000007aee80000)
 ParOldGen       total 86528K, used 37089K [0x0000000740000000, 0x0000000745480000, 0x0000000795580000)
  object space 86528K, 42% used [0x0000000740000000,0x00000007424387e0,0x0000000745480000)
 Metaspace       used 49559K, capacity 50984K, committed 51120K, reserved 1093632K
  class space    used 6932K, capacity 7305K, committed 7344K, reserved 1048576K
}

